<?xml version="1.0" encoding="UTF-8"?>
<testsuite name="I as a user want to log in to see my balance" tests="1" skipped="0" failures="0" errors="0" timestamp="2022-04-03T22:59:11" hostname="CARLOS" time="29.652">
  <properties/>
  <testcase name="Login to the Eribank application" classname="I as a user want to log in to see my balance" time="29.652"/>
  <system-out><![CDATA[]]></system-out>
  <system-err><![CDATA[abr 03, 2022 5:59:26 PM io.appium.java_client.remote.AppiumCommandExecutor$1 lambda$0
INFORMACIÓN: Detected dialect: W3C
[Test worker] INFO net.thucydides.core.steps.ConsoleLoggingListener - 
        __    _____ _____ ____ _____   ____   _    ____  ____  _____ ____  
  _     \ \  |_   _| ____/ ___|_   _| |  _ \ / \  / ___|/ ___|| ____|  _ \ 
 (_)_____| |   | | |  _| \___ \ | |   | |_) / _ \ \___ \\___ \|  _| | | | |
  _|_____| |   | | | |___ ___) || |   |  __/ ___ \ ___) |___) | |___| |_| |
 (_)     | |   |_| |_____|____/ |_|   |_| /_/   \_\____/|____/|_____|____/ 
        /_/                                                                

TEST PASSED: Login to the Eribank application
----------------------------------------------------------------------------
]]></system-err>
</testsuite>
